0 info it worked if it ends with ok
1 verbose cli [ 'D:\\Program Files (x86)\\node\\node.exe',
1 verbose cli   'D:\\Program Files (x86)\\node\\node_modules\\npm\\bin\\npm-cli.js',
1 verbose cli   'run',
1 verbose cli   'mock' ]
2 info using npm@3.8.9
3 info using node@v6.2.0
4 verbose run-script [ 'premock', 'mock', 'postmock' ]
5 info lifecycle dianping-react@1.0.0~premock: dianping-react@1.0.0
6 silly lifecycle dianping-react@1.0.0~premock: no script for premock, continuing
7 info lifecycle dianping-react@1.0.0~mock: dianping-react@1.0.0
8 verbose lifecycle dianping-react@1.0.0~mock: unsafe-perm in lifecycle true
9 verbose lifecycle dianping-react@1.0.0~mock: PATH: D:\Program Files (x86)\node\node_modules\npm\bin\node-gyp-bin;E:\蓝图\react\my-practices\dianpingReact\node_modules\.bin;D:\Program Files (x86)\node;C:\ProgramData\Oracle\Java\javapath;C:\Windows\system32;C:\Windows;C:\Windows\System32\Wbem;C:\Windows\System32\WindowsPowerShell\v1.0\;D:\Program Files (x86)\node\;D:\Program Files (x86)\svn\bin;C:\Program Files\Git\cmd;C:\Ruby24-x64\bin;C:\Users\gztp\AppData\Local\Microsoft\WindowsApps;C:\Users\gztp\AppData\Roaming\npm;C:\Users\gztp\AppData\Local\GitHubDesktop\bin
10 verbose lifecycle dianping-react@1.0.0~mock: CWD: E:\蓝图\react\my-practices\dianpingReact
11 silly lifecycle dianping-react@1.0.0~mock: Args: [ '/d /s /c', 'node --harmony ./mock/server.js' ]
12 silly lifecycle dianping-react@1.0.0~mock: Returned: code: 1  signal: null
13 info lifecycle dianping-react@1.0.0~mock: Failed to exec mock script
14 verbose stack Error: dianping-react@1.0.0 mock: `node --harmony ./mock/server.js`
14 verbose stack Exit status 1
14 verbose stack     at EventEmitter.<anonymous> (D:\Program Files (x86)\node\node_modules\npm\lib\utils\lifecycle.js:245:16)
14 verbose stack     at emitTwo (events.js:106:13)
14 verbose stack     at EventEmitter.emit (events.js:191:7)
14 verbose stack     at ChildProcess.<anonymous> (D:\Program Files (x86)\node\node_modules\npm\lib\utils\spawn.js:24:14)
14 verbose stack     at emitTwo (events.js:106:13)
14 verbose stack     at ChildProcess.emit (events.js:191:7)
14 verbose stack     at maybeClose (internal/child_process.js:850:16)
14 verbose stack     at Process.ChildProcess._handle.onexit (internal/child_process.js:215:5)
15 verbose pkgid dianping-react@1.0.0
16 verbose cwd E:\蓝图\react\my-practices\dianpingReact
17 error Windows_NT 10.0.14393
18 error argv "D:\\Program Files (x86)\\node\\node.exe" "D:\\Program Files (x86)\\node\\node_modules\\npm\\bin\\npm-cli.js" "run" "mock"
19 error node v6.2.0
20 error npm  v3.8.9
21 error code ELIFECYCLE
22 error dianping-react@1.0.0 mock: `node --harmony ./mock/server.js`
22 error Exit status 1
23 error Failed at the dianping-react@1.0.0 mock script 'node --harmony ./mock/server.js'.
23 error Make sure you have the latest version of node.js and npm installed.
23 error If you do, this is most likely a problem with the dianping-react package,
23 error not with npm itself.
23 error Tell the author that this fails on your system:
23 error     node --harmony ./mock/server.js
23 error You can get information on how to open an issue for this project with:
23 error     npm bugs dianping-react
23 error Or if that isn't available, you can get their info via:
23 error     npm owner ls dianping-react
23 error There is likely additional logging output above.
24 verbose exit [ 1, true ]
